C:\Users\Danny\source\repos\DucthTreat\dist\out-tsc\ClientApp\app\app-routing.module.js
C:\Users\Danny\source\repos\DucthTreat\dist\out-tsc\ClientApp\app\app-routing.module.js.map
C:\Users\Danny\source\repos\DucthTreat\dist\out-tsc\ClientApp\app\app.component.js
C:\Users\Danny\source\repos\DucthTreat\dist\out-tsc\ClientApp\app\app.component.js.map
C:\Users\Danny\source\repos\DucthTreat\dist\out-tsc\ClientApp\app\shop\productList.component.js
C:\Users\Danny\source\repos\DucthTreat\dist\out-tsc\ClientApp\app\shop\productList.component.js.map
C:\Users\Danny\source\repos\DucthTreat\dist\out-tsc\ClientApp\app\app.module.js
C:\Users\Danny\source\repos\DucthTreat\dist\out-tsc\ClientApp\app\app.module.js.map
C:\Users\Danny\source\repos\DucthTreat\dist\out-tsc\ClientApp\environments\environment.js
C:\Users\Danny\source\repos\DucthTreat\dist\out-tsc\ClientApp\environments\environment.js.map
C:\Users\Danny\source\repos\DucthTreat\dist\out-tsc\ClientApp\main.js
C:\Users\Danny\source\repos\DucthTreat\dist\out-tsc\ClientApp\main.js.map
C:\Users\Danny\source\repos\DucthTreat\dist\out-tsc\ClientApp\polyfills.js
C:\Users\Danny\source\repos\DucthTreat\dist\out-tsc\ClientApp\polyfills.js.map
C:\Users\Danny\source\repos\DucthTreat\dist\out-tsc\ClientApp\test.js
C:\Users\Danny\source\repos\DucthTreat\dist\out-tsc\ClientApp\test.js.map
C:\Users\Danny\source\repos\DucthTreat\dist\out-tsc\ClientApp\environments\environment.prod.js
C:\Users\Danny\source\repos\DucthTreat\dist\out-tsc\ClientApp\environments\environment.prod.js.map
C:\Users\Danny\source\repos\DucthTreat\dist\out-tsc\ducth-appa\e2e\src\app.po.js
C:\Users\Danny\source\repos\DucthTreat\dist\out-tsc\ducth-appa\e2e\src\app.po.js.map
C:\Users\Danny\source\repos\DucthTreat\dist\out-tsc\ducth-appa\e2e\src\app.e2e-spec.js
C:\Users\Danny\source\repos\DucthTreat\dist\out-tsc\ducth-appa\e2e\src\app.e2e-spec.js.map
C:\Users\Danny\source\repos\DucthTreat\dist\out-tsc\ducth-appa\src\app\app-routing.module.js
C:\Users\Danny\source\repos\DucthTreat\dist\out-tsc\ducth-appa\src\app\app-routing.module.js.map
C:\Users\Danny\source\repos\DucthTreat\dist\out-tsc\ducth-appa\src\app\app.component.js
C:\Users\Danny\source\repos\DucthTreat\dist\out-tsc\ducth-appa\src\app\app.component.js.map
C:\Users\Danny\source\repos\DucthTreat\dist\out-tsc\ducth-appa\src\app\app.module.js
C:\Users\Danny\source\repos\DucthTreat\dist\out-tsc\ducth-appa\src\app\app.module.js.map
C:\Users\Danny\source\repos\DucthTreat\dist\out-tsc\ducth-appa\src\environments\environment.js
C:\Users\Danny\source\repos\DucthTreat\dist\out-tsc\ducth-appa\src\environments\environment.js.map
C:\Users\Danny\source\repos\DucthTreat\dist\out-tsc\ducth-appa\src\main.js
C:\Users\Danny\source\repos\DucthTreat\dist\out-tsc\ducth-appa\src\main.js.map
C:\Users\Danny\source\repos\DucthTreat\dist\out-tsc\ducth-appa\src\polyfills.js
C:\Users\Danny\source\repos\DucthTreat\dist\out-tsc\ducth-appa\src\polyfills.js.map
C:\Users\Danny\source\repos\DucthTreat\dist\out-tsc\ducth-appa\src\test.js
C:\Users\Danny\source\repos\DucthTreat\dist\out-tsc\ducth-appa\src\test.js.map
C:\Users\Danny\source\repos\DucthTreat\dist\out-tsc\ducth-appa\src\environments\environment.prod.js
C:\Users\Danny\source\repos\DucthTreat\dist\out-tsc\ducth-appa\src\environments\environment.prod.js.map
C:\Users\Danny\source\repos\DucthTreat\dist\out-tsc\ducth-appb\e2e\src\app.po.js
C:\Users\Danny\source\repos\DucthTreat\dist\out-tsc\ducth-appb\e2e\src\app.po.js.map
C:\Users\Danny\source\repos\DucthTreat\dist\out-tsc\ducth-appb\e2e\src\app.e2e-spec.js
C:\Users\Danny\source\repos\DucthTreat\dist\out-tsc\ducth-appb\e2e\src\app.e2e-spec.js.map
C:\Users\Danny\source\repos\DucthTreat\dist\out-tsc\ducth-appb\src\app\app-routing.module.js
C:\Users\Danny\source\repos\DucthTreat\dist\out-tsc\ducth-appb\src\app\app-routing.module.js.map
C:\Users\Danny\source\repos\DucthTreat\dist\out-tsc\ducth-appb\src\app\app.component.js
C:\Users\Danny\source\repos\DucthTreat\dist\out-tsc\ducth-appb\src\app\app.component.js.map
C:\Users\Danny\source\repos\DucthTreat\dist\out-tsc\ducth-appb\src\app\app.module.js
C:\Users\Danny\source\repos\DucthTreat\dist\out-tsc\ducth-appb\src\app\app.module.js.map
C:\Users\Danny\source\repos\DucthTreat\dist\out-tsc\ducth-appb\src\environments\environment.js
C:\Users\Danny\source\repos\DucthTreat\dist\out-tsc\ducth-appb\src\environments\environment.js.map
C:\Users\Danny\source\repos\DucthTreat\dist\out-tsc\ducth-appb\src\main.js
C:\Users\Danny\source\repos\DucthTreat\dist\out-tsc\ducth-appb\src\main.js.map
C:\Users\Danny\source\repos\DucthTreat\dist\out-tsc\ducth-appb\src\polyfills.js
C:\Users\Danny\source\repos\DucthTreat\dist\out-tsc\ducth-appb\src\polyfills.js.map
C:\Users\Danny\source\repos\DucthTreat\dist\out-tsc\ducth-appb\src\test.js
C:\Users\Danny\source\repos\DucthTreat\dist\out-tsc\ducth-appb\src\test.js.map
C:\Users\Danny\source\repos\DucthTreat\dist\out-tsc\ducth-appb\src\environments\environment.prod.js
C:\Users\Danny\source\repos\DucthTreat\dist\out-tsc\ducth-appb\src\environments\environment.prod.js.map
C:\Users\Danny\source\repos\DucthTreat\dist\out-tsc\wwwroot\ts\store\main.js
C:\Users\Danny\source\repos\DucthTreat\dist\out-tsc\wwwroot\ts\store\main.js.map
C:\Users\Danny\source\repos\DucthTreat\dist\out-tsc\wwwroot\ts\store\storeCustomer.js
C:\Users\Danny\source\repos\DucthTreat\dist\out-tsc\wwwroot\ts\store\storeCustomer.js.map
